c:\users\trand\documents\github\exercises_project\exercises_project\debug\vc142.pdb
c:\users\trand\documents\github\exercises_project\exercises_project\debug\vc142.idb
c:\users\trand\documents\github\exercises_project\exercises_project\debug\main.obj
c:\users\trand\documents\github\exercises_project\exercises_project\debug\cstack.obj
c:\users\trand\documents\github\exercises_project\exercises_project\debug\csort.obj
c:\users\trand\documents\github\exercises_project\exercises_project\debug\csinglelinklist.obj
c:\users\trand\documents\github\exercises_project\exercises_project\debug\cqueue.obj
c:\users\trand\documents\github\exercises_project\exercises_project\debug\cnode.obj
c:\users\trand\documents\github\exercises_project\exercises_project\debug\cmatrix4.obj
c:\users\trand\documents\github\exercises_project\exercises_project\debug\cdoublelinklist.obj
c:\users\trand\documents\github\exercises_project\exercises_project\debug\bubblesort.obj
c:\users\trand\documents\github\exercises_project\debug\exercises_project.exe
c:\users\trand\documents\github\exercises_project\debug\exercises_project.ilk
c:\users\trand\documents\github\exercises_project\debug\exercises_project.pdb
c:\users\trand\documents\github\exercises_project\exercises_project\debug\exercise.6340ab37.tlog\cl.command.1.tlog
c:\users\trand\documents\github\exercises_project\exercises_project\debug\exercise.6340ab37.tlog\cl.read.1.tlog
c:\users\trand\documents\github\exercises_project\exercises_project\debug\exercise.6340ab37.tlog\cl.write.1.tlog
c:\users\trand\documents\github\exercises_project\exercises_project\debug\exercise.6340ab37.tlog\link.command.1.tlog
c:\users\trand\documents\github\exercises_project\exercises_project\debug\exercise.6340ab37.tlog\link.read.1.tlog
c:\users\trand\documents\github\exercises_project\exercises_project\debug\exercise.6340ab37.tlog\link.write.1.tlog
